2024-05-03T00:24:05.729+05:30  WARN 25926 --- [HikariPool-1 housekeeper] com.zaxxer.hikari.pool.HikariPool        : HikariPool-1 - Thread starvation or clock leap detected (housekeeper delta=25m11s273ms).
2024-05-03T00:58:41.993+05:30  WARN 25926 --- [HikariPool-1 housekeeper] com.zaxxer.hikari.pool.HikariPool        : HikariPool-1 - Thread starvation or clock leap detected (housekeeper delta=34m36s265ms).
2024-05-03T01:00:51.687+05:30  WARN 25926 --- [HikariPool-1 housekeeper] com.zaxxer.hikari.pool.HikariPool        : HikariPool-1 - Thread starvation or clock leap detected (housekeeper delta=2m9s693ms).
2024-05-03T01:23:16.924+05:30  WARN 25926 --- [HikariPool-1 housekeeper] com.zaxxer.hikari.pool.HikariPool        : HikariPool-1 - Thread starvation or clock leap detected (housekeeper delta=22m25s238ms).
2024-05-03T01:42:02.823+05:30  WARN 25926 --- [HikariPool-1 housekeeper] com.zaxxer.hikari.pool.HikariPool        : HikariPool-1 - Thread starvation or clock leap detected (housekeeper delta=18m45s899ms).
2024-05-03T01:44:37.400+05:30  WARN 25926 --- [HikariPool-1 housekeeper] com.zaxxer.hikari.pool.HikariPool        : HikariPool-1 - Thread starvation or clock leap detected (housekeeper delta=2m34s576ms).
2024-05-03T02:04:32.151+05:30  WARN 25926 --- [HikariPool-1 housekeeper] com.zaxxer.hikari.pool.HikariPool        : HikariPool-1 - Thread starvation or clock leap detected (housekeeper delta=19m54s752ms).
2024-05-03T02:25:56.775+05:30  WARN 25926 --- [HikariPool-1 housekeeper] com.zaxxer.hikari.pool.HikariPool        : HikariPool-1 - Thread starvation or clock leap detected (housekeeper delta=21m24s623ms).
2024-05-03T02:28:31.394+05:30  WARN 25926 --- [HikariPool-1 housekeeper] com.zaxxer.hikari.pool.HikariPool        : HikariPool-1 - Thread starvation or clock leap detected (housekeeper delta=2m34s619ms).
2024-05-03T02:48:05.050+05:30  WARN 25926 --- [HikariPool-1 housekeeper] com.zaxxer.hikari.pool.HikariPool        : HikariPool-1 - Thread starvation or clock leap detected (housekeeper delta=19m33s656ms).
2024-05-03T03:06:09.602+05:30  WARN 25926 --- [HikariPool-1 housekeeper] com.zaxxer.hikari.pool.HikariPool        : HikariPool-1 - Thread starvation or clock leap detected (housekeeper delta=18m4s552ms).
2024-05-03T03:23:52.879+05:30  WARN 25926 --- [HikariPool-1 housekeeper] com.zaxxer.hikari.pool.HikariPool        : HikariPool-1 - Thread starvation or clock leap detected (housekeeper delta=17m43s278ms).
2024-05-03T04:25:40.632+05:30  WARN 25926 --- [HikariPool-1 housekeeper] com.zaxxer.hikari.pool.HikariPool        : HikariPool-1 - Thread starvation or clock leap detected (housekeeper delta=1h1m47s753ms).
2024-05-03T05:43:46.235+05:30  WARN 25926 --- [HikariPool-1 housekeeper] com.zaxxer.hikari.pool.HikariPool        : HikariPool-1 - Thread starvation or clock leap detected (housekeeper delta=1h18m5s603ms).
2024-05-03T06:49:43.797+05:30  WARN 25926 --- [HikariPool-1 housekeeper] com.zaxxer.hikari.pool.HikariPool        : HikariPool-1 - Thread starvation or clock leap detected (housekeeper delta=1h5m57s562ms).
2024-05-03T07:06:28.677+05:30  WARN 25926 --- [HikariPool-1 housekeeper] com.zaxxer.hikari.pool.HikariPool        : HikariPool-1 - Thread starvation or clock leap detected (housekeeper delta=16m44s878ms).
2024-05-03T07:27:21.013+05:30  WARN 25926 --- [HikariPool-1 housekeeper] com.zaxxer.hikari.pool.HikariPool        : HikariPool-1 - Thread starvation or clock leap detected (housekeeper delta=20m52s338ms).
2024-05-03T07:29:55.654+05:30  WARN 25926 --- [HikariPool-1 housekeeper] com.zaxxer.hikari.pool.HikariPool        : HikariPool-1 - Thread starvation or clock leap detected (housekeeper delta=2m34s641ms).
2024-05-03T07:48:56.134+05:30  WARN 25926 --- [HikariPool-1 housekeeper] com.zaxxer.hikari.pool.HikariPool        : HikariPool-1 - Thread starvation or clock leap detected (housekeeper delta=19m480ms).
2024-05-03T08:08:00.271+05:30  WARN 25926 --- [HikariPool-1 housekeeper] com.zaxxer.hikari.pool.HikariPool        : HikariPool-1 - Thread starvation or clock leap detected (housekeeper delta=19m4s137ms).
2024-05-03T08:12:42.173+05:30  WARN 25926 --- [HikariPool-1 housekeeper] com.zaxxer.hikari.pool.HikariPool        : HikariPool-1 - Thread starvation or clock leap detected (housekeeper delta=4m41s902ms).
2024-05-03T08:32:16.377+05:30  WARN 25926 --- [HikariPool-1 housekeeper] com.zaxxer.hikari.pool.HikariPool        : HikariPool-1 - Thread starvation or clock leap detected (housekeeper delta=19m34s204ms).
2024-05-03T08:51:17.718+05:30  WARN 25926 --- [HikariPool-1 housekeeper] com.zaxxer.hikari.pool.HikariPool        : HikariPool-1 - Thread starvation or clock leap detected (housekeeper delta=19m1s341ms).
2024-05-03T09:10:42.895+05:30  WARN 25926 --- [HikariPool-1 housekeeper] com.zaxxer.hikari.pool.HikariPool        : HikariPool-1 - Thread starvation or clock leap detected (housekeeper delta=19m25s177ms).
2024-05-03T09:13:17.501+05:30  WARN 25926 --- [HikariPool-1 housekeeper] com.zaxxer.hikari.pool.HikariPool        : HikariPool-1 - Thread starvation or clock leap detected (housekeeper delta=2m34s605ms).
2024-05-03T09:17:09.576+05:30  INFO 25926 --- [SpringApplicationShutdownHook] j.LocalContainerEntityManagerFactoryBean : Closing JPA EntityManagerFactory for persistence unit 'default'
2024-05-03T09:17:09.584+05:30  INFO 25926 --- [SpringApplicationShutdownHook] com.zaxxer.hikari.HikariDataSource       : HikariPool-1 - Shutdown initiated...
2024-05-03T09:17:09.587+05:30  INFO 25926 --- [SpringApplicationShutdownHook] com.zaxxer.hikari.HikariDataSource       : HikariPool-1 - Shutdown completed.
2024-05-03T10:25:20.353+05:30  INFO 27367 --- [main] c.h.dhanvantari.DhanvantariApplication   : Starting DhanvantariApplication using Java 21.0.1 with PID 27367 (/Users/swarnim/Desktop/ABDM/backend/target/classes started by swarnim in /Users/swarnim/Desktop/ABDM)
2024-05-03T10:25:20.355+05:30  INFO 27367 --- [main] c.h.dhanvantari.DhanvantariApplication   : No active profile set, falling back to 1 default profile: "default"
2024-05-03T10:25:20.787+05:30  INFO 27367 --- [main] .s.d.r.c.RepositoryConfigurationDelegate : Bootstrapping Spring Data JPA repositories in DEFAULT mode.
2024-05-03T10:25:20.830+05:30  INFO 27367 --- [main] .s.d.r.c.RepositoryConfigurationDelegate : Finished Spring Data repository scanning in 40 ms. Found 13 JPA repository interfaces.
2024-05-03T10:25:21.179+05:30  INFO 27367 --- [main] o.s.b.w.embedded.tomcat.TomcatWebServer  : Tomcat initialized with port(s): 8081 (http)
2024-05-03T10:25:21.187+05:30  INFO 27367 --- [main] o.apache.catalina.core.StandardService   : Starting service [Tomcat]
2024-05-03T10:25:21.188+05:30  INFO 27367 --- [main] o.apache.catalina.core.StandardEngine    : Starting Servlet engine: [Apache Tomcat/10.1.13]
2024-05-03T10:25:21.250+05:30  INFO 27367 --- [main] o.a.c.c.C.[Tomcat].[localhost].[/]       : Initializing Spring embedded WebApplicationContext
2024-05-03T10:25:21.250+05:30  INFO 27367 --- [main] w.s.c.ServletWebServerApplicationContext : Root WebApplicationContext: initialization completed in 874 ms
2024-05-03T10:25:21.362+05:30  INFO 27367 --- [main] o.hibernate.jpa.internal.util.LogHelper  : HHH000204: Processing PersistenceUnitInfo [name: default]
2024-05-03T10:25:21.419+05:30  INFO 27367 --- [main] org.hibernate.Version                    : HHH000412: Hibernate ORM core version 6.2.9.Final
2024-05-03T10:25:21.422+05:30  INFO 27367 --- [main] org.hibernate.cfg.Environment            : HHH000406: Using bytecode reflection optimizer
2024-05-03T10:25:21.508+05:30  INFO 27367 --- [main] o.h.b.i.BytecodeProviderInitiator        : HHH000021: Bytecode provider name : bytebuddy
2024-05-03T10:25:21.572+05:30  INFO 27367 --- [main] o.s.o.j.p.SpringPersistenceUnitInfo      : No LoadTimeWeaver setup: ignoring JPA class transformer
2024-05-03T10:25:21.581+05:30  INFO 27367 --- [main] com.zaxxer.hikari.HikariDataSource       : HikariPool-1 - Starting...
2024-05-03T10:25:21.693+05:30  INFO 27367 --- [main] com.zaxxer.hikari.pool.HikariPool        : HikariPool-1 - Added connection com.mysql.cj.jdbc.ConnectionImpl@7878bbdb
2024-05-03T10:25:21.694+05:30  INFO 27367 --- [main] com.zaxxer.hikari.HikariDataSource       : HikariPool-1 - Start completed.
2024-05-03T10:25:21.858+05:30  INFO 27367 --- [main] o.h.b.i.BytecodeProviderInitiator        : HHH000021: Bytecode provider name : bytebuddy
2024-05-03T10:25:22.277+05:30  INFO 27367 --- [main] o.h.e.t.j.p.i.JtaPlatformInitiator       : HHH000490: Using JtaPlatform implementation: [org.hibernate.engine.transaction.jta.platform.internal.NoJtaPlatform]
2024-05-03T10:25:22.405+05:30  INFO 27367 --- [main] j.LocalContainerEntityManagerFactoryBean : Initialized JPA EntityManagerFactory for persistence unit 'default'
2024-05-03T10:25:22.591+05:30  INFO 27367 --- [main] o.s.d.j.r.query.QueryEnhancerFactory     : Hibernate is in classpath; If applicable, HQL parser will be used.
2024-05-03T10:25:22.805+05:30  INFO 27367 --- [main] c.h.dhanvantari.config.SimpleCORSFilter  : SimpleCORSFilter init
2024-05-03T10:25:23.545+05:30  WARN 27367 --- [main] JpaBaseConfiguration$JpaWebConfiguration : spring.jpa.open-in-view is enabled by default. Therefore, database queries may be performed during view rendering. Explicitly configure spring.jpa.open-in-view to disable this warning
2024-05-03T10:25:23.742+05:30  INFO 27367 --- [main] o.s.s.web.DefaultSecurityFilterChain     : Will secure any request with [org.springframework.security.web.session.DisableEncodeUrlFilter@3db32d5, org.springframework.security.web.context.request.async.WebAsyncManagerIntegrationFilter@2f41798d, org.springframework.security.web.context.SecurityContextHolderFilter@25f90920, org.springframework.security.web.header.HeaderWriterFilter@3cac962e, org.springframework.security.web.authentication.logout.LogoutFilter@41c96a67, com.hadproject.dhanvantari.config.JwtAuthenticationFilter@3f27a95b, org.springframework.security.web.savedrequest.RequestCacheAwareFilter@2613a6fc, org.springframework.security.web.servletapi.SecurityContextHolderAwareRequestFilter@103388c6, org.springframework.security.web.authentication.AnonymousAuthenticationFilter@1602b644, org.springframework.security.web.session.SessionManagementFilter@722b4f64, org.springframework.security.web.access.ExceptionTranslationFilter@f03dc9b, org.springframework.security.web.access.intercept.AuthorizationFilter@485c8d5e]
2024-05-03T10:25:23.932+05:30  INFO 27367 --- [main] o.s.b.w.embedded.tomcat.TomcatWebServer  : Tomcat started on port(s): 8081 (http) with context path ''
2024-05-03T10:25:23.936+05:30  INFO 27367 --- [main] c.h.dhanvantari.DhanvantariApplication   : Started DhanvantariApplication in 3.831 seconds (process running for 4.239)
2024-05-03T10:27:18.060+05:30  INFO 27367 --- [http-nio-8081-exec-1] o.a.c.c.C.[Tomcat].[localhost].[/]       : Initializing Spring DispatcherServlet 'dispatcherServlet'
2024-05-03T10:27:18.061+05:30  INFO 27367 --- [http-nio-8081-exec-1] o.s.web.servlet.DispatcherServlet        : Initializing Servlet 'dispatcherServlet'
2024-05-03T10:27:18.064+05:30  INFO 27367 --- [http-nio-8081-exec-1] o.s.web.servlet.DispatcherServlet        : Completed initialization in 3 ms
2024-05-03T10:27:18.105+05:30  INFO 27367 --- [http-nio-8081-exec-1] c.h.d.auth.AuthenticationController      : Login Successfully
2024-05-03T10:30:16.428+05:30  INFO 27367 --- [SpringApplicationShutdownHook] j.LocalContainerEntityManagerFactoryBean : Closing JPA EntityManagerFactory for persistence unit 'default'
2024-05-03T10:30:16.431+05:30  INFO 27367 --- [SpringApplicationShutdownHook] com.zaxxer.hikari.HikariDataSource       : HikariPool-1 - Shutdown initiated...
2024-05-03T10:30:16.436+05:30  INFO 27367 --- [SpringApplicationShutdownHook] com.zaxxer.hikari.HikariDataSource       : HikariPool-1 - Shutdown completed.
2024-05-03T10:30:17.978+05:30  INFO 27436 --- [main] c.h.dhanvantari.DhanvantariApplication   : Starting DhanvantariApplication using Java 21.0.1 with PID 27436 (/Users/swarnim/Desktop/ABDM/backend/target/classes started by swarnim in /Users/swarnim/Desktop/ABDM)
2024-05-03T10:30:17.979+05:30  INFO 27436 --- [main] c.h.dhanvantari.DhanvantariApplication   : No active profile set, falling back to 1 default profile: "default"
2024-05-03T10:30:18.440+05:30  INFO 27436 --- [main] .s.d.r.c.RepositoryConfigurationDelegate : Bootstrapping Spring Data JPA repositories in DEFAULT mode.
2024-05-03T10:30:18.486+05:30  INFO 27436 --- [main] .s.d.r.c.RepositoryConfigurationDelegate : Finished Spring Data repository scanning in 42 ms. Found 13 JPA repository interfaces.
2024-05-03T10:30:18.782+05:30  INFO 27436 --- [main] o.s.b.w.embedded.tomcat.TomcatWebServer  : Tomcat initialized with port(s): 8081 (http)
2024-05-03T10:30:18.786+05:30  INFO 27436 --- [main] o.apache.catalina.core.StandardService   : Starting service [Tomcat]
2024-05-03T10:30:18.787+05:30  INFO 27436 --- [main] o.apache.catalina.core.StandardEngine    : Starting Servlet engine: [Apache Tomcat/10.1.13]
2024-05-03T10:30:18.830+05:30  INFO 27436 --- [main] o.a.c.c.C.[Tomcat].[localhost].[/]       : Initializing Spring embedded WebApplicationContext
2024-05-03T10:30:18.830+05:30  INFO 27436 --- [main] w.s.c.ServletWebServerApplicationContext : Root WebApplicationContext: initialization completed in 831 ms
2024-05-03T10:30:18.905+05:30  INFO 27436 --- [main] o.hibernate.jpa.internal.util.LogHelper  : HHH000204: Processing PersistenceUnitInfo [name: default]
2024-05-03T10:30:18.942+05:30  INFO 27436 --- [main] org.hibernate.Version                    : HHH000412: Hibernate ORM core version 6.2.9.Final
2024-05-03T10:30:18.943+05:30  INFO 27436 --- [main] org.hibernate.cfg.Environment            : HHH000406: Using bytecode reflection optimizer
2024-05-03T10:30:18.998+05:30  INFO 27436 --- [main] o.h.b.i.BytecodeProviderInitiator        : HHH000021: Bytecode provider name : bytebuddy
2024-05-03T10:30:19.056+05:30  INFO 27436 --- [main] o.s.o.j.p.SpringPersistenceUnitInfo      : No LoadTimeWeaver setup: ignoring JPA class transformer
2024-05-03T10:30:19.065+05:30  INFO 27436 --- [main] com.zaxxer.hikari.HikariDataSource       : HikariPool-1 - Starting...
2024-05-03T10:30:19.149+05:30  INFO 27436 --- [main] com.zaxxer.hikari.pool.HikariPool        : HikariPool-1 - Added connection com.mysql.cj.jdbc.ConnectionImpl@3b9c9b8b
2024-05-03T10:30:19.150+05:30  INFO 27436 --- [main] com.zaxxer.hikari.HikariDataSource       : HikariPool-1 - Start completed.
2024-05-03T10:30:19.326+05:30  INFO 27436 --- [main] o.h.b.i.BytecodeProviderInitiator        : HHH000021: Bytecode provider name : bytebuddy
2024-05-03T10:30:19.855+05:30  INFO 27436 --- [main] o.h.e.t.j.p.i.JtaPlatformInitiator       : HHH000490: Using JtaPlatform implementation: [org.hibernate.engine.transaction.jta.platform.internal.NoJtaPlatform]
2024-05-03T10:30:19.975+05:30  INFO 27436 --- [main] j.LocalContainerEntityManagerFactoryBean : Initialized JPA EntityManagerFactory for persistence unit 'default'
2024-05-03T10:30:20.165+05:30  INFO 27436 --- [main] o.s.d.j.r.query.QueryEnhancerFactory     : Hibernate is in classpath; If applicable, HQL parser will be used.
2024-05-03T10:30:20.380+05:30  INFO 27436 --- [main] c.h.dhanvantari.config.SimpleCORSFilter  : SimpleCORSFilter init
2024-05-03T10:30:21.058+05:30  WARN 27436 --- [main] JpaBaseConfiguration$JpaWebConfiguration : spring.jpa.open-in-view is enabled by default. Therefore, database queries may be performed during view rendering. Explicitly configure spring.jpa.open-in-view to disable this warning
2024-05-03T10:30:21.248+05:30  INFO 27436 --- [main] o.s.s.web.DefaultSecurityFilterChain     : Will secure any request with [org.springframework.security.web.session.DisableEncodeUrlFilter@485c8d5e, org.springframework.security.web.context.request.async.WebAsyncManagerIntegrationFilter@68ba2801, org.springframework.security.web.context.SecurityContextHolderFilter@722b4f64, org.springframework.security.web.header.HeaderWriterFilter@19adcb41, org.springframework.security.web.authentication.logout.LogoutFilter@7ab66d54, com.hadproject.dhanvantari.config.JwtAuthenticationFilter@217c7135, org.springframework.security.web.savedrequest.RequestCacheAwareFilter@5f708ac6, org.springframework.security.web.servletapi.SecurityContextHolderAwareRequestFilter@d813294, org.springframework.security.web.authentication.AnonymousAuthenticationFilter@6b861a26, org.springframework.security.web.session.SessionManagementFilter@39f29540, org.springframework.security.web.access.ExceptionTranslationFilter@33c7319e, org.springframework.security.web.access.intercept.AuthorizationFilter@1c179a3e]
2024-05-03T10:30:21.432+05:30  INFO 27436 --- [main] o.s.b.w.embedded.tomcat.TomcatWebServer  : Tomcat started on port(s): 8081 (http) with context path ''
2024-05-03T10:30:21.437+05:30  INFO 27436 --- [main] c.h.dhanvantari.DhanvantariApplication   : Started DhanvantariApplication in 3.684 seconds (process running for 4.171)
2024-05-03T10:30:30.398+05:30  INFO 27436 --- [SpringApplicationShutdownHook] j.LocalContainerEntityManagerFactoryBean : Closing JPA EntityManagerFactory for persistence unit 'default'
2024-05-03T10:30:30.399+05:30  INFO 27436 --- [SpringApplicationShutdownHook] com.zaxxer.hikari.HikariDataSource       : HikariPool-1 - Shutdown initiated...
2024-05-03T10:30:30.402+05:30  INFO 27436 --- [SpringApplicationShutdownHook] com.zaxxer.hikari.HikariDataSource       : HikariPool-1 - Shutdown completed.
2024-05-03T10:30:32.649+05:30  INFO 27449 --- [main] c.h.dhanvantari.DhanvantariApplication   : Starting DhanvantariApplication using Java 21.0.1 with PID 27449 (/Users/swarnim/Desktop/ABDM/backend/target/classes started by swarnim in /Users/swarnim/Desktop/ABDM)
2024-05-03T10:30:32.651+05:30  INFO 27449 --- [main] c.h.dhanvantari.DhanvantariApplication   : No active profile set, falling back to 1 default profile: "default"
2024-05-03T10:30:33.038+05:30  INFO 27449 --- [main] .s.d.r.c.RepositoryConfigurationDelegate : Bootstrapping Spring Data JPA repositories in DEFAULT mode.
2024-05-03T10:30:33.077+05:30  INFO 27449 --- [main] .s.d.r.c.RepositoryConfigurationDelegate : Finished Spring Data repository scanning in 36 ms. Found 13 JPA repository interfaces.
2024-05-03T10:30:33.358+05:30  INFO 27449 --- [main] o.s.b.w.embedded.tomcat.TomcatWebServer  : Tomcat initialized with port(s): 8081 (http)
2024-05-03T10:30:33.362+05:30  INFO 27449 --- [main] o.apache.catalina.core.StandardService   : Starting service [Tomcat]
2024-05-03T10:30:33.362+05:30  INFO 27449 --- [main] o.apache.catalina.core.StandardEngine    : Starting Servlet engine: [Apache Tomcat/10.1.13]
2024-05-03T10:30:33.400+05:30  INFO 27449 --- [main] o.a.c.c.C.[Tomcat].[localhost].[/]       : Initializing Spring embedded WebApplicationContext
2024-05-03T10:30:33.400+05:30  INFO 27449 --- [main] w.s.c.ServletWebServerApplicationContext : Root WebApplicationContext: initialization completed in 729 ms
2024-05-03T10:30:33.467+05:30  INFO 27449 --- [main] o.hibernate.jpa.internal.util.LogHelper  : HHH000204: Processing PersistenceUnitInfo [name: default]
2024-05-03T10:30:33.498+05:30  INFO 27449 --- [main] org.hibernate.Version                    : HHH000412: Hibernate ORM core version 6.2.9.Final
2024-05-03T10:30:33.499+05:30  INFO 27449 --- [main] org.hibernate.cfg.Environment            : HHH000406: Using bytecode reflection optimizer
2024-05-03T10:30:33.546+05:30  INFO 27449 --- [main] o.h.b.i.BytecodeProviderInitiator        : HHH000021: Bytecode provider name : bytebuddy
2024-05-03T10:30:33.600+05:30  INFO 27449 --- [main] o.s.o.j.p.SpringPersistenceUnitInfo      : No LoadTimeWeaver setup: ignoring JPA class transformer
2024-05-03T10:30:33.608+05:30  INFO 27449 --- [main] com.zaxxer.hikari.HikariDataSource       : HikariPool-1 - Starting...
2024-05-03T10:30:33.689+05:30  INFO 27449 --- [main] com.zaxxer.hikari.pool.HikariPool        : HikariPool-1 - Added connection com.mysql.cj.jdbc.ConnectionImpl@1d2046bb
2024-05-03T10:30:33.690+05:30  INFO 27449 --- [main] com.zaxxer.hikari.HikariDataSource       : HikariPool-1 - Start completed.
2024-05-03T10:30:33.839+05:30  INFO 27449 --- [main] o.h.b.i.BytecodeProviderInitiator        : HHH000021: Bytecode provider name : bytebuddy
2024-05-03T10:30:34.252+05:30  INFO 27449 --- [main] o.h.e.t.j.p.i.JtaPlatformInitiator       : HHH000490: Using JtaPlatform implementation: [org.hibernate.engine.transaction.jta.platform.internal.NoJtaPlatform]
2024-05-03T10:30:34.393+05:30  INFO 27449 --- [main] j.LocalContainerEntityManagerFactoryBean : Initialized JPA EntityManagerFactory for persistence unit 'default'
2024-05-03T10:30:34.582+05:30  INFO 27449 --- [main] o.s.d.j.r.query.QueryEnhancerFactory     : Hibernate is in classpath; If applicable, HQL parser will be used.
2024-05-03T10:30:34.812+05:30  INFO 27449 --- [main] c.h.dhanvantari.config.SimpleCORSFilter  : SimpleCORSFilter init
2024-05-03T10:30:35.438+05:30  WARN 27449 --- [main] JpaBaseConfiguration$JpaWebConfiguration : spring.jpa.open-in-view is enabled by default. Therefore, database queries may be performed during view rendering. Explicitly configure spring.jpa.open-in-view to disable this warning
2024-05-03T10:30:35.618+05:30  INFO 27449 --- [main] o.s.s.web.DefaultSecurityFilterChain     : Will secure any request with [org.springframework.security.web.session.DisableEncodeUrlFilter@253bf220, org.springframework.security.web.context.request.async.WebAsyncManagerIntegrationFilter@5ff7631f, org.springframework.security.web.context.SecurityContextHolderFilter@4d36c8cb, org.springframework.security.web.header.HeaderWriterFilter@319267ad, org.springframework.security.web.authentication.logout.LogoutFilter@6f0a9d4f, com.hadproject.dhanvantari.config.JwtAuthenticationFilter@40ab1491, org.springframework.security.web.savedrequest.RequestCacheAwareFilter@3b58d05f, org.springframework.security.web.servletapi.SecurityContextHolderAwareRequestFilter@487fc205, org.springframework.security.web.authentication.AnonymousAuthenticationFilter@41c96a67, org.springframework.security.web.session.SessionManagementFilter@3cac962e, org.springframework.security.web.access.ExceptionTranslationFilter@29cd7b9e, org.springframework.security.web.access.intercept.AuthorizationFilter@256bfbbb]
2024-05-03T10:30:35.810+05:30  INFO 27449 --- [main] o.s.b.w.embedded.tomcat.TomcatWebServer  : Tomcat started on port(s): 8081 (http) with context path ''
2024-05-03T10:30:35.815+05:30  INFO 27449 --- [main] c.h.dhanvantari.DhanvantariApplication   : Started DhanvantariApplication in 3.366 seconds (process running for 3.811)
2024-05-03T10:30:38.727+05:30  INFO 27449 --- [http-nio-8081-exec-1] o.a.c.c.C.[Tomcat].[localhost].[/]       : Initializing Spring DispatcherServlet 'dispatcherServlet'
2024-05-03T10:30:38.727+05:30  INFO 27449 --- [http-nio-8081-exec-1] o.s.web.servlet.DispatcherServlet        : Initializing Servlet 'dispatcherServlet'
2024-05-03T10:30:38.728+05:30  INFO 27449 --- [http-nio-8081-exec-1] o.s.web.servlet.DispatcherServlet        : Completed initialization in 1 ms
2024-05-03T10:31:25.351+05:30  INFO 27449 --- [SpringApplicationShutdownHook] j.LocalContainerEntityManagerFactoryBean : Closing JPA EntityManagerFactory for persistence unit 'default'
2024-05-03T10:31:25.354+05:30  INFO 27449 --- [SpringApplicationShutdownHook] com.zaxxer.hikari.HikariDataSource       : HikariPool-1 - Shutdown initiated...
2024-05-03T10:31:25.360+05:30  INFO 27449 --- [SpringApplicationShutdownHook] com.zaxxer.hikari.HikariDataSource       : HikariPool-1 - Shutdown completed.
2024-05-03T10:31:27.626+05:30  INFO 27458 --- [main] c.h.dhanvantari.DhanvantariApplication   : Starting DhanvantariApplication using Java 21.0.1 with PID 27458 (/Users/swarnim/Desktop/ABDM/backend/target/classes started by swarnim in /Users/swarnim/Desktop/ABDM)
2024-05-03T10:31:27.627+05:30  INFO 27458 --- [main] c.h.dhanvantari.DhanvantariApplication   : No active profile set, falling back to 1 default profile: "default"
2024-05-03T10:31:28.015+05:30  INFO 27458 --- [main] .s.d.r.c.RepositoryConfigurationDelegate : Bootstrapping Spring Data JPA repositories in DEFAULT mode.
2024-05-03T10:31:28.051+05:30  INFO 27458 --- [main] .s.d.r.c.RepositoryConfigurationDelegate : Finished Spring Data repository scanning in 32 ms. Found 13 JPA repository interfaces.
2024-05-03T10:31:28.334+05:30  INFO 27458 --- [main] o.s.b.w.embedded.tomcat.TomcatWebServer  : Tomcat initialized with port(s): 8081 (http)
2024-05-03T10:31:28.338+05:30  INFO 27458 --- [main] o.apache.catalina.core.StandardService   : Starting service [Tomcat]
2024-05-03T10:31:28.338+05:30  INFO 27458 --- [main] o.apache.catalina.core.StandardEngine    : Starting Servlet engine: [Apache Tomcat/10.1.13]
2024-05-03T10:31:28.376+05:30  INFO 27458 --- [main] o.a.c.c.C.[Tomcat].[localhost].[/]       : Initializing Spring embedded WebApplicationContext
2024-05-03T10:31:28.376+05:30  INFO 27458 --- [main] w.s.c.ServletWebServerApplicationContext : Root WebApplicationContext: initialization completed in 730 ms
2024-05-03T10:31:28.452+05:30  INFO 27458 --- [main] o.hibernate.jpa.internal.util.LogHelper  : HHH000204: Processing PersistenceUnitInfo [name: default]
2024-05-03T10:31:28.484+05:30  INFO 27458 --- [main] org.hibernate.Version                    : HHH000412: Hibernate ORM core version 6.2.9.Final
2024-05-03T10:31:28.485+05:30  INFO 27458 --- [main] org.hibernate.cfg.Environment            : HHH000406: Using bytecode reflection optimizer
2024-05-03T10:31:28.532+05:30  INFO 27458 --- [main] o.h.b.i.BytecodeProviderInitiator        : HHH000021: Bytecode provider name : bytebuddy
2024-05-03T10:31:28.585+05:30  INFO 27458 --- [main] o.s.o.j.p.SpringPersistenceUnitInfo      : No LoadTimeWeaver setup: ignoring JPA class transformer
2024-05-03T10:31:28.593+05:30  INFO 27458 --- [main] com.zaxxer.hikari.HikariDataSource       : HikariPool-1 - Starting...
2024-05-03T10:31:28.670+05:30  INFO 27458 --- [main] com.zaxxer.hikari.pool.HikariPool        : HikariPool-1 - Added connection com.mysql.cj.jdbc.ConnectionImpl@3b33fff9
2024-05-03T10:31:28.671+05:30  INFO 27458 --- [main] com.zaxxer.hikari.HikariDataSource       : HikariPool-1 - Start completed.
2024-05-03T10:31:28.829+05:30  INFO 27458 --- [main] o.h.b.i.BytecodeProviderInitiator        : HHH000021: Bytecode provider name : bytebuddy
2024-05-03T10:31:29.237+05:30  INFO 27458 --- [main] o.h.e.t.j.p.i.JtaPlatformInitiator       : HHH000490: Using JtaPlatform implementation: [org.hibernate.engine.transaction.jta.platform.internal.NoJtaPlatform]
2024-05-03T10:31:29.375+05:30  INFO 27458 --- [main] j.LocalContainerEntityManagerFactoryBean : Initialized JPA EntityManagerFactory for persistence unit 'default'
2024-05-03T10:31:29.562+05:30  INFO 27458 --- [main] o.s.d.j.r.query.QueryEnhancerFactory     : Hibernate is in classpath; If applicable, HQL parser will be used.
2024-05-03T10:31:29.767+05:30  INFO 27458 --- [main] c.h.dhanvantari.config.SimpleCORSFilter  : SimpleCORSFilter init
2024-05-03T10:31:30.361+05:30  WARN 27458 --- [main] JpaBaseConfiguration$JpaWebConfiguration : spring.jpa.open-in-view is enabled by default. Therefore, database queries may be performed during view rendering. Explicitly configure spring.jpa.open-in-view to disable this warning
2024-05-03T10:31:30.539+05:30  INFO 27458 --- [main] o.s.s.web.DefaultSecurityFilterChain     : Will secure any request with [org.springframework.security.web.session.DisableEncodeUrlFilter@5ff7631f, org.springframework.security.web.context.request.async.WebAsyncManagerIntegrationFilter@41c96a67, org.springframework.security.web.context.SecurityContextHolderFilter@15733aa5, org.springframework.security.web.header.HeaderWriterFilter@4305b87e, org.springframework.security.web.authentication.logout.LogoutFilter@22b9ac0f, com.hadproject.dhanvantari.config.JwtAuthenticationFilter@217c7135, org.springframework.security.web.savedrequest.RequestCacheAwareFilter@33f42420, org.springframework.security.web.servletapi.SecurityContextHolderAwareRequestFilter@44556fbd, org.springframework.security.web.authentication.AnonymousAuthenticationFilter@8dc73c7, org.springframework.security.web.session.SessionManagementFilter@4baca539, org.springframework.security.web.access.ExceptionTranslationFilter@53bd2b00, org.springframework.security.web.access.intercept.AuthorizationFilter@363502a4]
2024-05-03T10:31:30.735+05:30  INFO 27458 --- [main] o.s.b.w.embedded.tomcat.TomcatWebServer  : Tomcat started on port(s): 8081 (http) with context path ''
2024-05-03T10:31:30.740+05:30  INFO 27458 --- [main] c.h.dhanvantari.DhanvantariApplication   : Started DhanvantariApplication in 3.312 seconds (process running for 3.651)
2024-05-03T10:31:35.213+05:30  INFO 27458 --- [http-nio-8081-exec-1] o.a.c.c.C.[Tomcat].[localhost].[/]       : Initializing Spring DispatcherServlet 'dispatcherServlet'
2024-05-03T10:31:35.213+05:30  INFO 27458 --- [http-nio-8081-exec-1] o.s.web.servlet.DispatcherServlet        : Initializing Servlet 'dispatcherServlet'
2024-05-03T10:31:35.214+05:30  INFO 27458 --- [http-nio-8081-exec-1] o.s.web.servlet.DispatcherServlet        : Completed initialization in 1 ms
2024-05-03T10:34:00.871+05:30  INFO 27458 --- [SpringApplicationShutdownHook] j.LocalContainerEntityManagerFactoryBean : Closing JPA EntityManagerFactory for persistence unit 'default'
2024-05-03T10:34:00.879+05:30  INFO 27458 --- [SpringApplicationShutdownHook] com.zaxxer.hikari.HikariDataSource       : HikariPool-1 - Shutdown initiated...
2024-05-03T10:34:00.885+05:30  INFO 27458 --- [SpringApplicationShutdownHook] com.zaxxer.hikari.HikariDataSource       : HikariPool-1 - Shutdown completed.
2024-05-03T10:34:17.709+05:30  INFO 27472 --- [main] c.h.dhanvantari.DhanvantariApplication   : Starting DhanvantariApplication using Java 21.0.1 with PID 27472 (/Users/swarnim/Desktop/ABDM/backend/target/classes started by swarnim in /Users/swarnim/Desktop/ABDM)
2024-05-03T10:34:17.710+05:30  INFO 27472 --- [main] c.h.dhanvantari.DhanvantariApplication   : No active profile set, falling back to 1 default profile: "default"
2024-05-03T10:34:18.134+05:30  INFO 27472 --- [main] .s.d.r.c.RepositoryConfigurationDelegate : Bootstrapping Spring Data JPA repositories in DEFAULT mode.
2024-05-03T10:34:18.173+05:30  INFO 27472 --- [main] .s.d.r.c.RepositoryConfigurationDelegate : Finished Spring Data repository scanning in 35 ms. Found 13 JPA repository interfaces.
2024-05-03T10:34:18.472+05:30  INFO 27472 --- [main] o.s.b.w.embedded.tomcat.TomcatWebServer  : Tomcat initialized with port(s): 8081 (http)
2024-05-03T10:34:18.476+05:30  INFO 27472 --- [main] o.apache.catalina.core.StandardService   : Starting service [Tomcat]
2024-05-03T10:34:18.477+05:30  INFO 27472 --- [main] o.apache.catalina.core.StandardEngine    : Starting Servlet engine: [Apache Tomcat/10.1.13]
2024-05-03T10:34:18.517+05:30  INFO 27472 --- [main] o.a.c.c.C.[Tomcat].[localhost].[/]       : Initializing Spring embedded WebApplicationContext
2024-05-03T10:34:18.517+05:30  INFO 27472 --- [main] w.s.c.ServletWebServerApplicationContext : Root WebApplicationContext: initialization completed in 788 ms
2024-05-03T10:34:18.589+05:30  INFO 27472 --- [main] o.hibernate.jpa.internal.util.LogHelper  : HHH000204: Processing PersistenceUnitInfo [name: default]
2024-05-03T10:34:18.620+05:30  INFO 27472 --- [main] org.hibernate.Version                    : HHH000412: Hibernate ORM core version 6.2.9.Final
2024-05-03T10:34:18.621+05:30  INFO 27472 --- [main] org.hibernate.cfg.Environment            : HHH000406: Using bytecode reflection optimizer
2024-05-03T10:34:18.668+05:30  INFO 27472 --- [main] o.h.b.i.BytecodeProviderInitiator        : HHH000021: Bytecode provider name : bytebuddy
2024-05-03T10:34:18.722+05:30  INFO 27472 --- [main] o.s.o.j.p.SpringPersistenceUnitInfo      : No LoadTimeWeaver setup: ignoring JPA class transformer
2024-05-03T10:34:18.730+05:30  INFO 27472 --- [main] com.zaxxer.hikari.HikariDataSource       : HikariPool-1 - Starting...
2024-05-03T10:34:18.811+05:30  INFO 27472 --- [main] com.zaxxer.hikari.pool.HikariPool        : HikariPool-1 - Added connection com.mysql.cj.jdbc.ConnectionImpl@5d800a56
2024-05-03T10:34:18.812+05:30  INFO 27472 --- [main] com.zaxxer.hikari.HikariDataSource       : HikariPool-1 - Start completed.
2024-05-03T10:34:18.966+05:30  INFO 27472 --- [main] o.h.b.i.BytecodeProviderInitiator        : HHH000021: Bytecode provider name : bytebuddy
2024-05-03T10:34:19.373+05:30  INFO 27472 --- [main] o.h.e.t.j.p.i.JtaPlatformInitiator       : HHH000490: Using JtaPlatform implementation: [org.hibernate.engine.transaction.jta.platform.internal.NoJtaPlatform]
2024-05-03T10:34:19.544+05:30  INFO 27472 --- [main] j.LocalContainerEntityManagerFactoryBean : Initialized JPA EntityManagerFactory for persistence unit 'default'
2024-05-03T10:34:19.734+05:30  INFO 27472 --- [main] o.s.d.j.r.query.QueryEnhancerFactory     : Hibernate is in classpath; If applicable, HQL parser will be used.
2024-05-03T10:34:19.937+05:30  INFO 27472 --- [main] c.h.dhanvantari.config.SimpleCORSFilter  : SimpleCORSFilter init
2024-05-03T10:34:20.537+05:30  WARN 27472 --- [main] JpaBaseConfiguration$JpaWebConfiguration : spring.jpa.open-in-view is enabled by default. Therefore, database queries may be performed during view rendering. Explicitly configure spring.jpa.open-in-view to disable this warning
2024-05-03T10:34:20.716+05:30  INFO 27472 --- [main] o.s.s.web.DefaultSecurityFilterChain     : Will secure any request with [org.springframework.security.web.session.DisableEncodeUrlFilter@64718893, org.springframework.security.web.context.request.async.WebAsyncManagerIntegrationFilter@485c8d5e, org.springframework.security.web.context.SecurityContextHolderFilter@1decf3e3, org.springframework.security.web.header.HeaderWriterFilter@8662634, org.springframework.security.web.authentication.logout.LogoutFilter@363502a4, com.hadproject.dhanvantari.config.JwtAuthenticationFilter@33f2ac11, org.springframework.security.web.savedrequest.RequestCacheAwareFilter@5fde8cf4, org.springframework.security.web.servletapi.SecurityContextHolderAwareRequestFilter@25f90920, org.springframework.security.web.authentication.AnonymousAuthenticationFilter@68ba2801, org.springframework.security.web.session.SessionManagementFilter@44556fbd, org.springframework.security.web.access.ExceptionTranslationFilter@479a2453, org.springframework.security.web.access.intercept.AuthorizationFilter@168740db]
2024-05-03T10:34:20.901+05:30  INFO 27472 --- [main] o.s.b.w.embedded.tomcat.TomcatWebServer  : Tomcat started on port(s): 8081 (http) with context path ''
2024-05-03T10:34:20.906+05:30  INFO 27472 --- [main] c.h.dhanvantari.DhanvantariApplication   : Started DhanvantariApplication in 3.393 seconds (process running for 3.712)
2024-05-03T10:35:23.583+05:30  INFO 27472 --- [http-nio-8081-exec-2] o.a.c.c.C.[Tomcat].[localhost].[/]       : Initializing Spring DispatcherServlet 'dispatcherServlet'
2024-05-03T10:35:23.584+05:30  INFO 27472 --- [http-nio-8081-exec-2] o.s.web.servlet.DispatcherServlet        : Initializing Servlet 'dispatcherServlet'
2024-05-03T10:35:23.585+05:30  INFO 27472 --- [http-nio-8081-exec-2] o.s.web.servlet.DispatcherServlet        : Completed initialization in 1 ms
2024-05-03T10:36:55.046+05:30  INFO 27472 --- [SpringApplicationShutdownHook] j.LocalContainerEntityManagerFactoryBean : Closing JPA EntityManagerFactory for persistence unit 'default'
2024-05-03T10:36:55.052+05:30  INFO 27472 --- [SpringApplicationShutdownHook] com.zaxxer.hikari.HikariDataSource       : HikariPool-1 - Shutdown initiated...
2024-05-03T10:36:55.062+05:30  INFO 27472 --- [SpringApplicationShutdownHook] com.zaxxer.hikari.HikariDataSource       : HikariPool-1 - Shutdown completed.
2024-05-03T10:36:57.318+05:30  INFO 27778 --- [main] c.h.dhanvantari.DhanvantariApplication   : Starting DhanvantariApplication using Java 21.0.1 with PID 27778 (/Users/swarnim/Desktop/ABDM/backend/target/classes started by swarnim in /Users/swarnim/Desktop/ABDM)
2024-05-03T10:36:57.318+05:30  INFO 27778 --- [main] c.h.dhanvantari.DhanvantariApplication   : No active profile set, falling back to 1 default profile: "default"
2024-05-03T10:36:57.723+05:30  INFO 27778 --- [main] .s.d.r.c.RepositoryConfigurationDelegate : Bootstrapping Spring Data JPA repositories in DEFAULT mode.
2024-05-03T10:36:57.764+05:30  INFO 27778 --- [main] .s.d.r.c.RepositoryConfigurationDelegate : Finished Spring Data repository scanning in 37 ms. Found 13 JPA repository interfaces.
2024-05-03T10:36:58.049+05:30  INFO 27778 --- [main] o.s.b.w.embedded.tomcat.TomcatWebServer  : Tomcat initialized with port(s): 8081 (http)
2024-05-03T10:36:58.053+05:30  INFO 27778 --- [main] o.apache.catalina.core.StandardService   : Starting service [Tomcat]
2024-05-03T10:36:58.053+05:30  INFO 27778 --- [main] o.apache.catalina.core.StandardEngine    : Starting Servlet engine: [Apache Tomcat/10.1.13]
2024-05-03T10:36:58.091+05:30  INFO 27778 --- [main] o.a.c.c.C.[Tomcat].[localhost].[/]       : Initializing Spring embedded WebApplicationContext
2024-05-03T10:36:58.092+05:30  INFO 27778 --- [main] w.s.c.ServletWebServerApplicationContext : Root WebApplicationContext: initialization completed in 755 ms
2024-05-03T10:36:58.172+05:30  INFO 27778 --- [main] o.hibernate.jpa.internal.util.LogHelper  : HHH000204: Processing PersistenceUnitInfo [name: default]
2024-05-03T10:36:58.206+05:30  INFO 27778 --- [main] org.hibernate.Version                    : HHH000412: Hibernate ORM core version 6.2.9.Final
2024-05-03T10:36:58.208+05:30  INFO 27778 --- [main] org.hibernate.cfg.Environment            : HHH000406: Using bytecode reflection optimizer
2024-05-03T10:36:58.261+05:30  INFO 27778 --- [main] o.h.b.i.BytecodeProviderInitiator        : HHH000021: Bytecode provider name : bytebuddy
2024-05-03T10:36:58.317+05:30  INFO 27778 --- [main] o.s.o.j.p.SpringPersistenceUnitInfo      : No LoadTimeWeaver setup: ignoring JPA class transformer
2024-05-03T10:36:58.326+05:30  INFO 27778 --- [main] com.zaxxer.hikari.HikariDataSource       : HikariPool-1 - Starting...
2024-05-03T10:36:58.404+05:30  INFO 27778 --- [main] com.zaxxer.hikari.pool.HikariPool        : HikariPool-1 - Added connection com.mysql.cj.jdbc.ConnectionImpl@7769d9b6
2024-05-03T10:36:58.405+05:30  INFO 27778 --- [main] com.zaxxer.hikari.HikariDataSource       : HikariPool-1 - Start completed.
2024-05-03T10:36:58.573+05:30  INFO 27778 --- [main] o.h.b.i.BytecodeProviderInitiator        : HHH000021: Bytecode provider name : bytebuddy
2024-05-03T10:36:58.990+05:30  INFO 27778 --- [main] o.h.e.t.j.p.i.JtaPlatformInitiator       : HHH000490: Using JtaPlatform implementation: [org.hibernate.engine.transaction.jta.platform.internal.NoJtaPlatform]
2024-05-03T10:36:59.140+05:30  INFO 27778 --- [main] j.LocalContainerEntityManagerFactoryBean : Initialized JPA EntityManagerFactory for persistence unit 'default'
2024-05-03T10:36:59.329+05:30  INFO 27778 --- [main] o.s.d.j.r.query.QueryEnhancerFactory     : Hibernate is in classpath; If applicable, HQL parser will be used.
2024-05-03T10:36:59.538+05:30  INFO 27778 --- [main] c.h.dhanvantari.config.SimpleCORSFilter  : SimpleCORSFilter init
2024-05-03T10:37:00.146+05:30  WARN 27778 --- [main] JpaBaseConfiguration$JpaWebConfiguration : spring.jpa.open-in-view is enabled by default. Therefore, database queries may be performed during view rendering. Explicitly configure spring.jpa.open-in-view to disable this warning
2024-05-03T10:37:00.347+05:30  INFO 27778 --- [main] o.s.s.web.DefaultSecurityFilterChain     : Will secure any request with [org.springframework.security.web.session.DisableEncodeUrlFilter@773e8030, org.springframework.security.web.context.request.async.WebAsyncManagerIntegrationFilter@64718893, org.springframework.security.web.context.SecurityContextHolderFilter@2bb5637a, org.springframework.security.web.header.HeaderWriterFilter@33c7319e, org.springframework.security.web.authentication.logout.LogoutFilter@256bfbbb, com.hadproject.dhanvantari.config.JwtAuthenticationFilter@765611c9, org.springframework.security.web.savedrequest.RequestCacheAwareFilter@722b4f64, org.springframework.security.web.servletapi.SecurityContextHolderAwareRequestFilter@5f708ac6, org.springframework.security.web.authentication.AnonymousAuthenticationFilter@485c8d5e, org.springframework.security.web.session.SessionManagementFilter@487fc205, org.springframework.security.web.access.ExceptionTranslationFilter@772ccecf, org.springframework.security.web.access.intercept.AuthorizationFilter@728c3a0e]
2024-05-03T10:37:00.530+05:30  INFO 27778 --- [main] o.s.b.w.embedded.tomcat.TomcatWebServer  : Tomcat started on port(s): 8081 (http) with context path ''
2024-05-03T10:37:00.535+05:30  INFO 27778 --- [main] c.h.dhanvantari.DhanvantariApplication   : Started DhanvantariApplication in 3.416 seconds (process running for 3.733)
2024-05-03T10:37:04.386+05:30  INFO 27778 --- [http-nio-8081-exec-1] o.a.c.c.C.[Tomcat].[localhost].[/]       : Initializing Spring DispatcherServlet 'dispatcherServlet'
2024-05-03T10:37:04.386+05:30  INFO 27778 --- [http-nio-8081-exec-1] o.s.web.servlet.DispatcherServlet        : Initializing Servlet 'dispatcherServlet'
2024-05-03T10:37:04.388+05:30  INFO 27778 --- [http-nio-8081-exec-1] o.s.web.servlet.DispatcherServlet        : Completed initialization in 2 ms
2024-05-03T10:38:02.888+05:30  INFO 27778 --- [http-nio-8081-exec-3] c.h.d.auth.AuthenticationController      : Login Successfully
2024-05-03T10:43:01.197+05:30  INFO 27778 --- [SpringApplicationShutdownHook] j.LocalContainerEntityManagerFactoryBean : Closing JPA EntityManagerFactory for persistence unit 'default'
2024-05-03T10:43:01.204+05:30  INFO 27778 --- [SpringApplicationShutdownHook] com.zaxxer.hikari.HikariDataSource       : HikariPool-1 - Shutdown initiated...
2024-05-03T10:43:01.210+05:30  INFO 27778 --- [SpringApplicationShutdownHook] com.zaxxer.hikari.HikariDataSource       : HikariPool-1 - Shutdown completed.
2024-05-03T10:43:03.664+05:30  INFO 27923 --- [main] c.h.dhanvantari.DhanvantariApplication   : Starting DhanvantariApplication using Java 21.0.1 with PID 27923 (/Users/swarnim/Desktop/ABDM/backend/target/classes started by swarnim in /Users/swarnim/Desktop/ABDM)
2024-05-03T10:43:03.665+05:30  INFO 27923 --- [main] c.h.dhanvantari.DhanvantariApplication   : No active profile set, falling back to 1 default profile: "default"
2024-05-03T10:43:04.089+05:30  INFO 27923 --- [main] .s.d.r.c.RepositoryConfigurationDelegate : Bootstrapping Spring Data JPA repositories in DEFAULT mode.
2024-05-03T10:43:04.126+05:30  INFO 27923 --- [main] .s.d.r.c.RepositoryConfigurationDelegate : Finished Spring Data repository scanning in 33 ms. Found 13 JPA repository interfaces.
2024-05-03T10:43:04.424+05:30  INFO 27923 --- [main] o.s.b.w.embedded.tomcat.TomcatWebServer  : Tomcat initialized with port(s): 8081 (http)
2024-05-03T10:43:04.428+05:30  INFO 27923 --- [main] o.apache.catalina.core.StandardService   : Starting service [Tomcat]
2024-05-03T10:43:04.428+05:30  INFO 27923 --- [main] o.apache.catalina.core.StandardEngine    : Starting Servlet engine: [Apache Tomcat/10.1.13]
2024-05-03T10:43:04.468+05:30  INFO 27923 --- [main] o.a.c.c.C.[Tomcat].[localhost].[/]       : Initializing Spring embedded WebApplicationContext
2024-05-03T10:43:04.469+05:30  INFO 27923 --- [main] w.s.c.ServletWebServerApplicationContext : Root WebApplicationContext: initialization completed in 780 ms
2024-05-03T10:43:04.540+05:30  INFO 27923 --- [main] o.hibernate.jpa.internal.util.LogHelper  : HHH000204: Processing PersistenceUnitInfo [name: default]
2024-05-03T10:43:04.579+05:30  INFO 27923 --- [main] org.hibernate.Version                    : HHH000412: Hibernate ORM core version 6.2.9.Final
2024-05-03T10:43:04.581+05:30  INFO 27923 --- [main] org.hibernate.cfg.Environment            : HHH000406: Using bytecode reflection optimizer
2024-05-03T10:43:04.634+05:30  INFO 27923 --- [main] o.h.b.i.BytecodeProviderInitiator        : HHH000021: Bytecode provider name : bytebuddy
2024-05-03T10:43:04.692+05:30  INFO 27923 --- [main] o.s.o.j.p.SpringPersistenceUnitInfo      : No LoadTimeWeaver setup: ignoring JPA class transformer
2024-05-03T10:43:04.701+05:30  INFO 27923 --- [main] com.zaxxer.hikari.HikariDataSource       : HikariPool-1 - Starting...
2024-05-03T10:43:04.777+05:30  INFO 27923 --- [main] com.zaxxer.hikari.pool.HikariPool        : HikariPool-1 - Added connection com.mysql.cj.jdbc.ConnectionImpl@4ca0b9b1
2024-05-03T10:43:04.778+05:30  INFO 27923 --- [main] com.zaxxer.hikari.HikariDataSource       : HikariPool-1 - Start completed.
2024-05-03T10:43:04.938+05:30  INFO 27923 --- [main] o.h.b.i.BytecodeProviderInitiator        : HHH000021: Bytecode provider name : bytebuddy
2024-05-03T10:43:05.354+05:30  INFO 27923 --- [main] o.h.e.t.j.p.i.JtaPlatformInitiator       : HHH000490: Using JtaPlatform implementation: [org.hibernate.engine.transaction.jta.platform.internal.NoJtaPlatform]
2024-05-03T10:43:05.489+05:30  INFO 27923 --- [main] j.LocalContainerEntityManagerFactoryBean : Initialized JPA EntityManagerFactory for persistence unit 'default'
2024-05-03T10:43:05.671+05:30  INFO 27923 --- [main] o.s.d.j.r.query.QueryEnhancerFactory     : Hibernate is in classpath; If applicable, HQL parser will be used.
2024-05-03T10:43:05.879+05:30  INFO 27923 --- [main] c.h.dhanvantari.config.SimpleCORSFilter  : SimpleCORSFilter init
2024-05-03T10:43:06.487+05:30  WARN 27923 --- [main] JpaBaseConfiguration$JpaWebConfiguration : spring.jpa.open-in-view is enabled by default. Therefore, database queries may be performed during view rendering. Explicitly configure spring.jpa.open-in-view to disable this warning
2024-05-03T10:43:06.665+05:30  INFO 27923 --- [main] o.s.s.web.DefaultSecurityFilterChain     : Will secure any request with [org.springframework.security.web.session.DisableEncodeUrlFilter@8dc73c7, org.springframework.security.web.context.request.async.WebAsyncManagerIntegrationFilter@728c3a0e, org.springframework.security.web.context.SecurityContextHolderFilter@33f42420, org.springframework.security.web.header.HeaderWriterFilter@3b89f41a, org.springframework.security.web.authentication.logout.LogoutFilter@6112390a, com.hadproject.dhanvantari.config.JwtAuthenticationFilter@44b860b1, org.springframework.security.web.savedrequest.RequestCacheAwareFilter@44556fbd, org.springframework.security.web.servletapi.SecurityContextHolderAwareRequestFilter@2bb5637a, org.springframework.security.web.authentication.AnonymousAuthenticationFilter@168740db, org.springframework.security.web.session.SessionManagementFilter@4d36c8cb, org.springframework.security.web.access.ExceptionTranslationFilter@4305b87e, org.springframework.security.web.access.intercept.AuthorizationFilter@253bf220]
2024-05-03T10:43:06.857+05:30  INFO 27923 --- [main] o.s.b.w.embedded.tomcat.TomcatWebServer  : Tomcat started on port(s): 8081 (http) with context path ''
2024-05-03T10:43:06.862+05:30  INFO 27923 --- [main] c.h.dhanvantari.DhanvantariApplication   : Started DhanvantariApplication in 3.411 seconds (process running for 3.747)
2024-05-03T10:43:10.041+05:30  INFO 27923 --- [http-nio-8081-exec-2] o.a.c.c.C.[Tomcat].[localhost].[/]       : Initializing Spring DispatcherServlet 'dispatcherServlet'
2024-05-03T10:43:10.041+05:30  INFO 27923 --- [http-nio-8081-exec-2] o.s.web.servlet.DispatcherServlet        : Initializing Servlet 'dispatcherServlet'
2024-05-03T10:43:10.043+05:30  INFO 27923 --- [http-nio-8081-exec-2] o.s.web.servlet.DispatcherServlet        : Completed initialization in 2 ms
2024-05-03T10:55:23.967+05:30  WARN 27923 --- [HikariPool-1 housekeeper] com.zaxxer.hikari.pool.HikariPool        : HikariPool-1 - Thread starvation or clock leap detected (housekeeper delta=6m49s48ms).
2024-05-03T11:08:41.501+05:30  WARN 27923 --- [HikariPool-1 housekeeper] com.zaxxer.hikari.pool.HikariPool        : HikariPool-1 - Thread starvation or clock leap detected (housekeeper delta=13m17s534ms).
