2024-05-02T00:12:01.285+05:30  INFO 163312 --- [http-nio-8081-exec-4] c.h.d.auth.AuthenticationController      : Login Successfully
2024-05-02T01:14:17.915+05:30  INFO 163312 --- [http-nio-8081-exec-6] c.h.d.auth.AuthenticationController      : Login Successfully
2024-05-02T01:43:13.721+05:30  INFO 163312 --- [http-nio-8081-exec-10] c.h.d.auth.AuthenticationController      : Login Successfully
2024-05-02T01:45:04.670+05:30  INFO 163312 --- [http-nio-8081-exec-5] c.h.d.auth.AuthenticationController      : Login Successfully
2024-05-02T01:55:11.139+05:30  INFO 163312 --- [SpringApplicationShutdownHook] j.LocalContainerEntityManagerFactoryBean : Closing JPA EntityManagerFactory for persistence unit 'default'
2024-05-02T01:55:11.255+05:30  INFO 163312 --- [SpringApplicationShutdownHook] com.zaxxer.hikari.HikariDataSource       : HikariPool-1 - Shutdown initiated...
2024-05-02T01:55:11.340+05:30  INFO 163312 --- [SpringApplicationShutdownHook] com.zaxxer.hikari.HikariDataSource       : HikariPool-1 - Shutdown completed.
2024-05-02T19:44:16.919+05:30  INFO 265113 --- [main] c.h.dhanvantari.DhanvantariApplication   : Starting DhanvantariApplication using Java 17.0.10 with PID 265113 (/home/keshav/ABDM-Integrated-Hospital-System/backend/target/classes started by keshav in /home/keshav/ABDM-Integrated-Hospital-System/backend)
2024-05-02T19:44:16.939+05:30  INFO 265113 --- [main] c.h.dhanvantari.DhanvantariApplication   : No active profile set, falling back to 1 default profile: "default"
2024-05-02T19:44:19.905+05:30  INFO 265113 --- [main] .s.d.r.c.RepositoryConfigurationDelegate : Bootstrapping Spring Data JPA repositories in DEFAULT mode.
2024-05-02T19:44:20.004+05:30  INFO 265113 --- [main] .s.d.r.c.RepositoryConfigurationDelegate : Finished Spring Data repository scanning in 91 ms. Found 12 JPA repository interfaces.
2024-05-02T19:44:20.668+05:30  INFO 265113 --- [main] o.s.b.w.embedded.tomcat.TomcatWebServer  : Tomcat initialized with port(s): 8081 (http)
2024-05-02T19:44:20.676+05:30  INFO 265113 --- [main] o.apache.catalina.core.StandardService   : Starting service [Tomcat]
2024-05-02T19:44:20.676+05:30  INFO 265113 --- [main] o.apache.catalina.core.StandardEngine    : Starting Servlet engine: [Apache Tomcat/10.1.13]
2024-05-02T19:44:20.791+05:30  INFO 265113 --- [main] o.a.c.c.C.[Tomcat].[localhost].[/]       : Initializing Spring embedded WebApplicationContext
2024-05-02T19:44:20.791+05:30  INFO 265113 --- [main] w.s.c.ServletWebServerApplicationContext : Root WebApplicationContext: initialization completed in 3590 ms
2024-05-02T19:44:20.997+05:30  INFO 265113 --- [main] o.hibernate.jpa.internal.util.LogHelper  : HHH000204: Processing PersistenceUnitInfo [name: default]
2024-05-02T19:44:21.098+05:30  INFO 265113 --- [main] org.hibernate.Version                    : HHH000412: Hibernate ORM core version 6.2.9.Final
2024-05-02T19:44:21.103+05:30  INFO 265113 --- [main] org.hibernate.cfg.Environment            : HHH000406: Using bytecode reflection optimizer
2024-05-02T19:44:21.575+05:30  INFO 265113 --- [main] o.h.b.i.BytecodeProviderInitiator        : HHH000021: Bytecode provider name : bytebuddy
2024-05-02T19:44:22.633+05:30  INFO 265113 --- [main] o.s.o.j.p.SpringPersistenceUnitInfo      : No LoadTimeWeaver setup: ignoring JPA class transformer
2024-05-02T19:44:22.762+05:30  INFO 265113 --- [main] com.zaxxer.hikari.HikariDataSource       : HikariPool-1 - Starting...
2024-05-02T19:44:23.584+05:30  INFO 265113 --- [main] com.zaxxer.hikari.pool.HikariPool        : HikariPool-1 - Added connection com.mysql.cj.jdbc.ConnectionImpl@61993d18
2024-05-02T19:44:23.585+05:30  INFO 265113 --- [main] com.zaxxer.hikari.HikariDataSource       : HikariPool-1 - Start completed.
2024-05-02T19:44:24.508+05:30  INFO 265113 --- [main] o.h.b.i.BytecodeProviderInitiator        : HHH000021: Bytecode provider name : bytebuddy
2024-05-02T19:44:25.489+05:30  INFO 265113 --- [main] o.h.e.t.j.p.i.JtaPlatformInitiator       : HHH000490: Using JtaPlatform implementation: [org.hibernate.engine.transaction.jta.platform.internal.NoJtaPlatform]
2024-05-02T19:44:26.929+05:30  INFO 265113 --- [main] j.LocalContainerEntityManagerFactoryBean : Initialized JPA EntityManagerFactory for persistence unit 'default'
2024-05-02T19:44:27.321+05:30  INFO 265113 --- [main] o.s.d.j.r.query.QueryEnhancerFactory     : Hibernate is in classpath; If applicable, HQL parser will be used.
2024-05-02T19:44:27.631+05:30  INFO 265113 --- [main] c.h.dhanvantari.config.SimpleCORSFilter  : SimpleCORSFilter init
2024-05-02T19:44:28.693+05:30  WARN 265113 --- [main] JpaBaseConfiguration$JpaWebConfiguration : spring.jpa.open-in-view is enabled by default. Therefore, database queries may be performed during view rendering. Explicitly configure spring.jpa.open-in-view to disable this warning
2024-05-02T19:44:29.035+05:30  INFO 265113 --- [main] o.s.s.web.DefaultSecurityFilterChain     : Will secure any request with [org.springframework.security.web.session.DisableEncodeUrlFilter@7f657888, org.springframework.security.web.context.request.async.WebAsyncManagerIntegrationFilter@2ec3d746, org.springframework.security.web.context.SecurityContextHolderFilter@1cd6769b, org.springframework.security.web.header.HeaderWriterFilter@37711f1a, org.springframework.security.web.authentication.logout.LogoutFilter@15f12e7b, com.hadproject.dhanvantari.config.JwtAuthenticationFilter@14484887, org.springframework.security.web.savedrequest.RequestCacheAwareFilter@4eccb9f0, org.springframework.security.web.servletapi.SecurityContextHolderAwareRequestFilter@69ef3847, org.springframework.security.web.authentication.AnonymousAuthenticationFilter@7bca3747, org.springframework.security.web.session.SessionManagementFilter@46ae5a4c, org.springframework.security.web.access.ExceptionTranslationFilter@2d739a6f, org.springframework.security.web.access.intercept.AuthorizationFilter@328c6f65]
2024-05-02T19:44:29.448+05:30  INFO 265113 --- [main] o.s.b.w.embedded.tomcat.TomcatWebServer  : Tomcat started on port(s): 8081 (http) with context path ''
2024-05-02T19:44:29.457+05:30  INFO 265113 --- [main] c.h.dhanvantari.DhanvantariApplication   : Started DhanvantariApplication in 13.829 seconds (process running for 15.849)
2024-05-02T20:36:45.948+05:30  INFO 265113 --- [http-nio-8081-exec-1] o.a.c.c.C.[Tomcat].[localhost].[/]       : Initializing Spring DispatcherServlet 'dispatcherServlet'
2024-05-02T20:36:46.010+05:30  INFO 265113 --- [http-nio-8081-exec-1] o.s.web.servlet.DispatcherServlet        : Initializing Servlet 'dispatcherServlet'
2024-05-02T20:36:46.408+05:30  INFO 265113 --- [http-nio-8081-exec-1] o.s.web.servlet.DispatcherServlet        : Completed initialization in 392 ms
2024-05-02T20:36:58.923+05:30  INFO 265113 --- [http-nio-8081-exec-4] c.h.d.auth.AuthenticationController      : Login Successfully
2024-05-02T20:37:38.074+05:30  INFO 265113 --- [http-nio-8081-exec-3] c.h.d.auth.AuthenticationController      : Login Successfully
2024-05-02T20:41:15.184+05:30  INFO 265113 --- [http-nio-8081-exec-3] c.h.d.auth.AuthenticationController      : Login Successfully
2024-05-02T20:54:03.556+05:30  INFO 265113 --- [http-nio-8081-exec-5] c.h.d.auth.AuthenticationController      : Login Successfully
2024-05-02T20:55:16.444+05:30  INFO 265113 --- [http-nio-8081-exec-8] c.h.d.auth.AuthenticationController      : Login Successfully
2024-05-02T21:01:03.015+05:30  INFO 265113 --- [http-nio-8081-exec-5] c.h.d.auth.AuthenticationController      : Login Successfully
